
*** Running vivado
    with args -log design_1_vga_fetcher_0_0.vds -m64 -product Vivado -mode batch -messageDb vivado.pb -notrace -source design_1_vga_fetcher_0_0.tcl


INFO: [Common 17-3922] A valid Vivado Design Suite BASIC license has been detected. Your current license is active and will expire on 30-jun-2027.
#-----------------------------------------------------------
# Vivado v2026.1 (64-bit)
# SW Build 6511674 on Tue Jun 16 11:02:23 MDT 2026
# IP Build 6504888 on Tue Jun 09 09:05:25 MDT 2026
# SharedData Build 6501428 on Mon Jun 08 17:34:18 MDT 2026
# Start of session at: Wed Jul  1 09:57:44 2026
# Process ID         : 34548
# Current directory  : C:/Users/IStolnic/Licenta/NesBoard/NesBoard.runs/design_1_vga_fetcher_0_0_synth_1
# Command line       : vivado.exe -log design_1_vga_fetcher_0_0.vds -product Vivado -mode batch -messageDb vivado.pb -notrace -source design_1_vga_fetcher_0_0.tcl
# Log file           : C:/Users/IStolnic/Licenta/NesBoard/NesBoard.runs/design_1_vga_fetcher_0_0_synth_1/design_1_vga_fetcher_0_0.vds
# Journal file       : C:/Users/IStolnic/Licenta/NesBoard/NesBoard.runs/design_1_vga_fetcher_0_0_synth_1\vivado.jou
# Running On         : HYB-6AVb5If9qTU
# Platform           : Windows 11
# Operating System   : 26200
# Processor Detail   : Intel(R) Core(TM) Ultra 7 265H
# CPU Frequency      : 3686 MHz
# CPU Physical cores : 16
# CPU Logical cores  : 16
# Host memory        : 33777 MB
# Swap memory        : 19327 MB
# Total Virtual      : 53104 MB
# Available Virtual  : 16227 MB
#-----------------------------------------------------------

****** Vivado v2026.1 (64-bit)
  **** SW Build 6511674 on Tue Jun 16 11:02:23 MDT 2026
  **** IP Build 6504888 on Tue Jun 09 09:05:25 MDT 2026
  **** SharedData Build 6501428 on Mon Jun 08 17:34:18 MDT 2026
  **** Start of session at: Wed Jul  1 09:57:44 2026
    ** Copyright 1986-2022 Xilinx, Inc. All Rights Reserved.
    ** Copyright 2022-2026 Advanced Micro Devices, Inc. All Rights Reserved.

source design_1_vga_fetcher_0_0.tcl -notrace
create_project: Time (s): cpu = 00:00:08 ; elapsed = 00:00:06 . Memory (MB): peak = 587.449 ; gain = 274.113
INFO: [IP_Flow 19-234] Refreshing IP repositories
INFO: [IP_Flow 19-1704] No user IP repositories specified
INFO: [IP_Flow 19-2313] Loaded Vivado IP repository 'C:/AMDDesignTools/2026.1/Vivado/data/ip'.
Command: synth_design -top design_1_vga_fetcher_0_0 -part xc7z020clg484-1 -incremental_mode off -mode out_of_context
Starting synth_design
Attempting to get a license for feature 'Vivado_Synthesis' and/or device 'xc7z020'
INFO: [Common 17-349] Got license for feature 'Vivado_Synthesis' and/or device 'xc7z020'
INFO: [Device 21-403] Loading part xc7z020clg484-1
INFO: [Designutils 20-5008] Incremental synthesis strategy off
INFO: [Synth 8-7079] Multithreading enabled for synth_design using a maximum of 2 processes.
INFO: [Synth 8-7078] Launching helper process for spawning children vivado processes
INFO: [Synth 8-7075] Helper process launched with PID 9432
---------------------------------------------------------------------------------
Starting RTL Elaboration : Time (s): cpu = 00:00:03 ; elapsed = 00:00:04 . Memory (MB): peak = 1401.992 ; gain = 578.902
---------------------------------------------------------------------------------
INFO: [Synth 8-6157] synthesizing module 'design_1_vga_fetcher_0_0' [c:/Users/IStolnic/Licenta/NesBoard/NesBoard.gen/sources_1/bd/design_1/ip/design_1_vga_fetcher_0_0/synth/design_1_vga_fetcher_0_0.v:53]
INFO: [Synth 8-638] synthesizing module 'vga_fetcher' [C:/Users/IStolnic/Licenta/NesBoard/NesBoard.srcs/sources_1/new/vga_fetcher.vhd:35]
INFO: [Synth 8-3491] module 'nes_palette' declared at 'C:/Users/IStolnic/Licenta/NesBoard/NesBoard.srcs/sources_1/new/nes_palette.vhd:7' bound to instance 'palette_inst' of component 'nes_palette' [C:/Users/IStolnic/Licenta/NesBoard/NesBoard.srcs/sources_1/new/vga_fetcher.vhd:100]
INFO: [Synth 8-638] synthesizing module 'nes_palette' [C:/Users/IStolnic/Licenta/NesBoard/NesBoard.srcs/sources_1/new/nes_palette.vhd:16]
INFO: [Synth 8-226] default block is never used [C:/Users/IStolnic/Licenta/NesBoard/NesBoard.srcs/sources_1/new/nes_palette.vhd:20]
INFO: [Synth 8-256] done synthesizing module 'nes_palette' (0#1) [C:/Users/IStolnic/Licenta/NesBoard/NesBoard.srcs/sources_1/new/nes_palette.vhd:16]
INFO: [Synth 8-256] done synthesizing module 'vga_fetcher' (0#1) [C:/Users/IStolnic/Licenta/NesBoard/NesBoard.srcs/sources_1/new/vga_fetcher.vhd:35]
INFO: [Synth 8-6155] done synthesizing module 'design_1_vga_fetcher_0_0' (0#1) [c:/Users/IStolnic/Licenta/NesBoard/NesBoard.gen/sources_1/bd/design_1/ip/design_1_vga_fetcher_0_0/synth/design_1_vga_fetcher_0_0.v:53]
INFO: [Synth 8-7129] Port doutb[7] in module vga_fetcher is either unconnected or has no load
INFO: [Synth 8-7129] Port doutb[6] in module vga_fetcher is either unconnected or has no load
---------------------------------------------------------------------------------
Finished RTL Elaboration : Time (s): cpu = 00:00:04 ; elapsed = 00:00:05 . Memory (MB): peak = 1527.586 ; gain = 704.496
---------------------------------------------------------------------------------
---------------------------------------------------------------------------------
Start Handling Custom Attributes
---------------------------------------------------------------------------------
---------------------------------------------------------------------------------
Finished Handling Custom Attributes : Time (s): cpu = 00:00:04 ; elapsed = 00:00:05 . Memory (MB): peak = 1527.586 ; gain = 704.496
---------------------------------------------------------------------------------
---------------------------------------------------------------------------------
Finished RTL Optimization Phase 1 : Time (s): cpu = 00:00:04 ; elapsed = 00:00:05 . Memory (MB): peak = 1527.586 ; gain = 704.496
---------------------------------------------------------------------------------
Netlist sorting complete. Time (s): cpu = 00:00:00 ; elapsed = 00:00:00 . Memory (MB): peak = 1527.586 ; gain = 0.000
INFO: [Project 1-570] Preparing netlist for logic optimization

Processing XDC Constraints
Initializing timing engine
Completed Processing XDC Constraints

Netlist sorting complete. Time (s): cpu = 00:00:00 ; elapsed = 00:00:00 . Memory (MB): peak = 1536.734 ; gain = 0.000
INFO: [Project 1-111] Unisim Transformation Summary:
No Unisim elements were transformed.

Constraint Validation Runtime : Time (s): cpu = 00:00:00 ; elapsed = 00:00:00.015 . Memory (MB): peak = 1536.863 ; gain = 0.000
INFO: [Designutils 20-5008] Incremental synthesis strategy off
---------------------------------------------------------------------------------
Finished Constraint Validation : Time (s): cpu = 00:00:09 ; elapsed = 00:00:10 . Memory (MB): peak = 1536.863 ; gain = 713.773
---------------------------------------------------------------------------------
---------------------------------------------------------------------------------
Start Loading Part and Timing Information
---------------------------------------------------------------------------------
Loading part: xc7z020clg484-1
---------------------------------------------------------------------------------
Finished Loading Part and Timing Information : Time (s): cpu = 00:00:09 ; elapsed = 00:00:10 . Memory (MB): peak = 1536.863 ; gain = 713.773
---------------------------------------------------------------------------------
---------------------------------------------------------------------------------
Start Applying 'set_property' XDC Constraints
---------------------------------------------------------------------------------
---------------------------------------------------------------------------------
Finished applying 'set_property' XDC Constraints : Time (s): cpu = 00:00:09 ; elapsed = 00:00:10 . Memory (MB): peak = 1536.863 ; gain = 713.773
---------------------------------------------------------------------------------
---------------------------------------------------------------------------------
Finished RTL Optimization Phase 2 : Time (s): cpu = 00:00:10 ; elapsed = 00:00:11 . Memory (MB): peak = 1536.863 ; gain = 713.773
---------------------------------------------------------------------------------
No constraint files found.
---------------------------------------------------------------------------------
Start RTL Component Statistics 
---------------------------------------------------------------------------------
Detailed RTL Component Info : 
+---Adders : 
	   2 Input   31 Bit       Adders := 1     
	   2 Input   13 Bit       Adders := 1     
	   2 Input    8 Bit       Adders := 1     
+---Registers : 
	                1 Bit    Registers := 4     
+---Muxes : 
	   2 Input   31 Bit        Muxes := 1     
	   2 Input    8 Bit        Muxes := 1     
	   2 Input    4 Bit        Muxes := 3     
---------------------------------------------------------------------------------
Finished RTL Component Statistics 
---------------------------------------------------------------------------------
---------------------------------------------------------------------------------
Start Part Resource Summary
---------------------------------------------------------------------------------
Part Resources:
DSPs: 220 (col length:60)
BRAMs: 280 (col length: RAMB18 60 RAMB36 30)
---------------------------------------------------------------------------------
Finished Part Resource Summary
---------------------------------------------------------------------------------
No constraint files found.
---------------------------------------------------------------------------------
Start Cross Boundary and Area Optimization
---------------------------------------------------------------------------------
INFO: [Synth 8-7129] Port doutb[7] in module design_1_vga_fetcher_0_0 is either unconnected or has no load
INFO: [Synth 8-7129] Port doutb[6] in module design_1_vga_fetcher_0_0 is either unconnected or has no load
---------------------------------------------------------------------------------
Finished Cross Boundary and Area Optimization : Time (s): cpu = 00:00:11 ; elapsed = 00:00:13 . Memory (MB): peak = 1602.691 ; gain = 779.602
---------------------------------------------------------------------------------
---------------------------------------------------------------------------------
Start ROM, RAM, DSP, Shift Register and Retiming Reporting
---------------------------------------------------------------------------------

ROM: Preliminary Mapping Report
+-------------------------+---------------------+---------------+----------------+
|Module Name              | RTL Object          | Depth x Width | Implemented As | 
+-------------------------+---------------------+---------------+----------------+
|nes_palette              | R                   | 64x4          | LUT            | 
|nes_palette              | G                   | 64x4          | LUT            | 
|nes_palette              | B                   | 64x4          | LUT            | 
|design_1_vga_fetcher_0_0 | inst/palette_inst/R | 64x4          | LUT            | 
|design_1_vga_fetcher_0_0 | inst/palette_inst/G | 64x4          | LUT            | 
|design_1_vga_fetcher_0_0 | inst/palette_inst/B | 64x4          | LUT            | 
+-------------------------+---------------------+---------------+----------------+

---------------------------------------------------------------------------------
Finished ROM, RAM, DSP, Shift Register and Retiming Reporting
---------------------------------------------------------------------------------
No constraint files found.
---------------------------------------------------------------------------------
Start Timing Optimization
---------------------------------------------------------------------------------
---------------------------------------------------------------------------------
Finished Timing Optimization : Time (s): cpu = 00:00:11 ; elapsed = 00:00:13 . Memory (MB): peak = 1602.691 ; gain = 779.602
---------------------------------------------------------------------------------
---------------------------------------------------------------------------------
Start Technology Mapping
---------------------------------------------------------------------------------
---------------------------------------------------------------------------------
Finished Technology Mapping : Time (s): cpu = 00:00:11 ; elapsed = 00:00:13 . Memory (MB): peak = 1602.691 ; gain = 779.602
---------------------------------------------------------------------------------
---------------------------------------------------------------------------------
Start IO Insertion
---------------------------------------------------------------------------------
---------------------------------------------------------------------------------
Start Flattening Before IO Insertion
---------------------------------------------------------------------------------
---------------------------------------------------------------------------------
Finished Flattening Before IO Insertion
---------------------------------------------------------------------------------
---------------------------------------------------------------------------------
Start Final Netlist Cleanup
---------------------------------------------------------------------------------
---------------------------------------------------------------------------------
Finished Final Netlist Cleanup
---------------------------------------------------------------------------------
---------------------------------------------------------------------------------
Finished IO Insertion : Time (s): cpu = 00:00:14 ; elapsed = 00:00:15 . Memory (MB): peak = 1857.633 ; gain = 1034.543
---------------------------------------------------------------------------------
---------------------------------------------------------------------------------
Start Renaming Generated Instances
---------------------------------------------------------------------------------
---------------------------------------------------------------------------------
Finished Renaming Generated Instances : Time (s): cpu = 00:00:14 ; elapsed = 00:00:15 . Memory (MB): peak = 1857.633 ; gain = 1034.543
---------------------------------------------------------------------------------
---------------------------------------------------------------------------------
Start Rebuilding User Hierarchy
---------------------------------------------------------------------------------
---------------------------------------------------------------------------------
Finished Rebuilding User Hierarchy : Time (s): cpu = 00:00:14 ; elapsed = 00:00:15 . Memory (MB): peak = 1857.633 ; gain = 1034.543
---------------------------------------------------------------------------------
---------------------------------------------------------------------------------
Start Renaming Generated Ports
---------------------------------------------------------------------------------
---------------------------------------------------------------------------------
Finished Renaming Generated Ports : Time (s): cpu = 00:00:14 ; elapsed = 00:00:15 . Memory (MB): peak = 1857.633 ; gain = 1034.543
---------------------------------------------------------------------------------
---------------------------------------------------------------------------------
Start Handling Custom Attributes
---------------------------------------------------------------------------------
---------------------------------------------------------------------------------
Finished Handling Custom Attributes : Time (s): cpu = 00:00:14 ; elapsed = 00:00:15 . Memory (MB): peak = 1857.633 ; gain = 1034.543
---------------------------------------------------------------------------------
---------------------------------------------------------------------------------
Start Renaming Generated Nets
---------------------------------------------------------------------------------
---------------------------------------------------------------------------------
Finished Renaming Generated Nets : Time (s): cpu = 00:00:14 ; elapsed = 00:00:15 . Memory (MB): peak = 1857.633 ; gain = 1034.543
---------------------------------------------------------------------------------
---------------------------------------------------------------------------------
Start Writing Synthesis Report
---------------------------------------------------------------------------------

Report BlackBoxes: 
+-+--------------+----------+
| |BlackBox name |Instances |
+-+--------------+----------+
+-+--------------+----------+

Report Cell Usage: 
+------+-------+------+
|      |Cell   |Count |
+------+-------+------+
|1     |CARRY4 |    84|
|2     |LUT1   |    24|
|3     |LUT2   |    99|
|4     |LUT3   |    99|
|5     |LUT4   |    88|
|6     |LUT5   |    44|
|7     |LUT6   |   119|
|8     |FDRE   |    20|
+------+-------+------+
---------------------------------------------------------------------------------
Finished Writing Synthesis Report : Time (s): cpu = 00:00:14 ; elapsed = 00:00:15 . Memory (MB): peak = 1857.633 ; gain = 1034.543
---------------------------------------------------------------------------------
Synthesis finished with 0 errors, 0 critical warnings and 0 warnings.
Synthesis Optimization Runtime : Time (s): cpu = 00:00:09 ; elapsed = 00:00:14 . Memory (MB): peak = 1857.633 ; gain = 1025.266
Synthesis Optimization Complete : Time (s): cpu = 00:00:14 ; elapsed = 00:00:15 . Memory (MB): peak = 1857.633 ; gain = 1034.543
INFO: [Project 1-571] Translating synthesized netlist
Netlist sorting complete. Time (s): cpu = 00:00:00 ; elapsed = 00:00:00.001 . Memory (MB): peak = 1869.656 ; gain = 0.000
INFO: [Netlist 29-17] Analyzing 84 Unisim elements for replacement
INFO: [Netlist 29-28] Unisim Transformation completed in 0 CPU seconds
INFO: [Project 1-570] Preparing netlist for logic optimization
INFO: [Opt 31-138] Pushed 0 inverter(s) to 0 load pin(s).
Netlist sorting complete. Time (s): cpu = 00:00:00 ; elapsed = 00:00:00 . Memory (MB): peak = 1969.633 ; gain = 0.000
INFO: [Project 1-111] Unisim Transformation Summary:
No Unisim elements were transformed.

Synth Design complete | Checksum: 9d4653b1
INFO: [Common 17-83] Releasing license: Vivado_Synthesis
31 Infos, 0 Warnings, 0 Critical Warnings and 0 Errors encountered.
synth_design completed successfully
synth_design: Time (s): cpu = 00:00:18 ; elapsed = 00:00:20 . Memory (MB): peak = 1969.633 ; gain = 1361.160
Write ShapeDB Complete: Time (s): cpu = 00:00:00 ; elapsed = 00:00:00.002 . Memory (MB): peak = 1969.633 ; gain = 0.000
INFO: [Common 17-1381] The checkpoint 'C:/Users/IStolnic/Licenta/NesBoard/NesBoard.runs/design_1_vga_fetcher_0_0_synth_1/design_1_vga_fetcher_0_0.dcp' has been generated.
INFO: [Vivado 12-24828] Executing command : report_utilization -file design_1_vga_fetcher_0_0_utilization_synth.rpt -pb design_1_vga_fetcher_0_0_utilization_synth.pb
INFO: [Common 17-206] Exiting Vivado at Wed Jul  1 09:58:15 2026...
