
*** Running vivado
    with args -log design_1_axi_bram_ctrl_0_1.vds -m64 -product Vivado -mode batch -messageDb vivado.pb -notrace -source design_1_axi_bram_ctrl_0_1.tcl


INFO: [Common 17-3922] A valid Vivado Design Suite BASIC license has been detected. Your current license is active and will expire on 30-jun-2027.
#-----------------------------------------------------------
# Vivado v2026.1 (64-bit)
# SW Build 6511674 on Tue Jun 16 11:02:23 MDT 2026
# IP Build 6504888 on Tue Jun 09 09:05:25 MDT 2026
# SharedData Build 6501428 on Mon Jun 08 17:34:18 MDT 2026
# Start of session at: Wed Jul  1 09:57:44 2026
# Process ID         : 29984
# Current directory  : C:/Users/IStolnic/Licenta/NesBoard/NesBoard.runs/design_1_axi_bram_ctrl_0_1_synth_1
# Command line       : vivado.exe -log design_1_axi_bram_ctrl_0_1.vds -product Vivado -mode batch -messageDb vivado.pb -notrace -source design_1_axi_bram_ctrl_0_1.tcl
# Log file           : C:/Users/IStolnic/Licenta/NesBoard/NesBoard.runs/design_1_axi_bram_ctrl_0_1_synth_1/design_1_axi_bram_ctrl_0_1.vds
# Journal file       : C:/Users/IStolnic/Licenta/NesBoard/NesBoard.runs/design_1_axi_bram_ctrl_0_1_synth_1\vivado.jou
# Running On         : HYB-6AVb5If9qTU
# Platform           : Windows 11
# Operating System   : 26200
# Processor Detail   : Intel(R) Core(TM) Ultra 7 265H
# CPU Frequency      : 3686 MHz
# CPU Physical cores : 16
# CPU Logical cores  : 16
# Host memory        : 33777 MB
# Swap memory        : 19327 MB
# Total Virtual      : 53104 MB
# Available Virtual  : 16228 MB
#-----------------------------------------------------------

****** Vivado v2026.1 (64-bit)
  **** SW Build 6511674 on Tue Jun 16 11:02:23 MDT 2026
  **** IP Build 6504888 on Tue Jun 09 09:05:25 MDT 2026
  **** SharedData Build 6501428 on Mon Jun 08 17:34:18 MDT 2026
  **** Start of session at: Wed Jul  1 09:57:44 2026
    ** Copyright 1986-2022 Xilinx, Inc. All Rights Reserved.
    ** Copyright 2022-2026 Advanced Micro Devices, Inc. All Rights Reserved.

source design_1_axi_bram_ctrl_0_1.tcl -notrace
create_project: Time (s): cpu = 00:00:08 ; elapsed = 00:00:06 . Memory (MB): peak = 583.355 ; gain = 271.172
INFO: [IP_Flow 19-4838] Using cached IP synthesis design for IP design_1_axi_bram_ctrl_0_1, cache-ID = d0357f5217bbc7ff.
INFO: [Common 17-206] Exiting Vivado at Wed Jul  1 09:57:55 2026...
